2020-07-27 22:53:27.285  INFO 19568 --- [main] c.e.adminclient.AdminClientApplication   : Starting AdminClientApplication on DESKTOP-55BAR0U with PID 19568 (F:\project\spring-cloud-master\admin-client\target\classes started by zjline in F:\project\spring-cloud-master)
2020-07-27 22:53:27.288  INFO 19568 --- [main] c.e.adminclient.AdminClientApplication   : No active profile set, falling back to default profiles: default
2020-07-27 22:53:27.967  INFO 19568 --- [main] o.s.b.w.embedded.tomcat.TomcatWebServer  : Tomcat initialized with port(s): 9305 (http)
2020-07-27 22:53:27.971  INFO 19568 --- [main] o.apache.catalina.core.StandardService   : Starting service [Tomcat]
2020-07-27 22:53:27.971  INFO 19568 --- [main] org.apache.catalina.core.StandardEngine  : Starting Servlet engine: [Apache Tomcat/9.0.37]
2020-07-27 22:53:28.040  INFO 19568 --- [main] o.a.c.c.C.[Tomcat].[localhost].[/]       : Initializing Spring embedded WebApplicationContext
2020-07-27 22:53:28.040  INFO 19568 --- [main] w.s.c.ServletWebServerApplicationContext : Root WebApplicationContext: initialization completed in 726 ms
2020-07-27 22:53:28.222  INFO 19568 --- [main] o.s.s.concurrent.ThreadPoolTaskExecutor  : Initializing ExecutorService 'applicationTaskExecutor'
2020-07-27 22:53:28.383  INFO 19568 --- [main] o.s.s.c.ThreadPoolTaskScheduler          : Initializing ExecutorService
2020-07-27 22:53:28.418  INFO 19568 --- [main] o.s.b.a.e.web.EndpointLinksResolver      : Exposing 14 endpoint(s) beneath base path '/actuator'
2020-07-27 22:53:28.455  INFO 19568 --- [main] o.s.b.w.embedded.tomcat.TomcatWebServer  : Tomcat started on port(s): 9305 (http) with context path ''
2020-07-27 22:53:28.465  INFO 19568 --- [main] c.e.adminclient.AdminClientApplication   : Started AdminClientApplication in 1.477 seconds (JVM running for 2.265)
2020-07-27 22:53:28.875  INFO 19568 --- [RMI TCP Connection(1)-192.168.21.1] o.a.c.c.C.[Tomcat].[localhost].[/]       : Initializing Spring DispatcherServlet 'dispatcherServlet'
2020-07-27 22:53:28.875  INFO 19568 --- [RMI TCP Connection(1)-192.168.21.1] o.s.web.servlet.DispatcherServlet        : Initializing Servlet 'dispatcherServlet'
2020-07-27 22:53:28.880  INFO 19568 --- [RMI TCP Connection(1)-192.168.21.1] o.s.web.servlet.DispatcherServlet        : Completed initialization in 4 ms
2020-07-27 22:53:29.002  INFO 19568 --- [registrationTask1] d.c.b.a.c.r.ApplicationRegistrator       : Application registered itself as e5425e849a23
2020-07-27 23:01:39.487  WARN 19568 --- [registrationTask1] d.c.b.a.c.r.ApplicationRegistrator       : Failed to register application as Application(name=admin-client, managementUrl=http://DESKTOP-55BAR0U:9305/actuator, healthUrl=http://DESKTOP-55BAR0U:9305/actuator/health, serviceUrl=http://DESKTOP-55BAR0U:9305/) at spring-boot-admin ([http://localhost:9301/instances]): I/O error on POST request for "http://localhost:9301/instances": Connection refused: connect; nested exception is java.net.ConnectException: Connection refused: connect. Further attempts are logged on DEBUG level
2020-07-27 23:06:34.149  INFO 19568 --- [SpringContextShutdownHook] o.s.s.c.ThreadPoolTaskScheduler          : Shutting down ExecutorService
2020-07-27 23:06:34.149  INFO 19568 --- [SpringContextShutdownHook] o.s.s.concurrent.ThreadPoolTaskExecutor  : Shutting down ExecutorService 'applicationTaskExecutor'
2020-07-27 23:06:39.569  INFO 2960 --- [main] c.e.adminclient.AdminClientApplication   : No active profile set, falling back to default profiles: default
2020-07-27 23:06:40.034  WARN 2960 --- [main] o.s.boot.actuate.endpoint.EndpointId     : Endpoint ID 'service-registry' contains invalid characters, please migrate to a valid format.
2020-07-27 23:06:40.127  INFO 2960 --- [main] o.s.cloud.context.scope.GenericScope     : BeanFactory id=0a0d49f0-aa67-3a10-8b6a-55ac580faa55
2020-07-27 23:06:40.351  INFO 2960 --- [main] o.s.b.w.embedded.tomcat.TomcatWebServer  : Tomcat initialized with port(s): 9305 (http)
2020-07-27 23:06:40.359  INFO 2960 --- [main] o.apache.catalina.core.StandardService   : Starting service [Tomcat]
2020-07-27 23:06:40.359  INFO 2960 --- [main] org.apache.catalina.core.StandardEngine  : Starting Servlet engine: [Apache Tomcat/9.0.37]
2020-07-27 23:06:40.458  INFO 2960 --- [main] o.a.c.c.C.[Tomcat].[localhost].[/]       : Initializing Spring embedded WebApplicationContext
2020-07-27 23:06:40.458  INFO 2960 --- [main] w.s.c.ServletWebServerApplicationContext : Root WebApplicationContext: initialization completed in 877 ms
2020-07-27 23:06:40.514  WARN 2960 --- [main] c.n.c.sources.URLConfigurationSource     : No URLs will be polled as dynamic configuration sources.
2020-07-27 23:06:40.514  INFO 2960 --- [main] c.n.c.sources.URLConfigurationSource     : To enable URLs as dynamic configuration sources, define System property archaius.configurationSource.additionalUrls or make config.properties available on classpath.
2020-07-27 23:06:40.522  INFO 2960 --- [main] c.netflix.config.DynamicPropertyFactory  : DynamicPropertyFactory is initialized with configuration sources: com.netflix.config.ConcurrentCompositeConfiguration@15a3b42
2020-07-27 23:06:40.600  WARN 2960 --- [main] c.n.c.sources.URLConfigurationSource     : No URLs will be polled as dynamic configuration sources.
2020-07-27 23:06:40.600  INFO 2960 --- [main] c.n.c.sources.URLConfigurationSource     : To enable URLs as dynamic configuration sources, define System property archaius.configurationSource.additionalUrls or make config.properties available on classpath.
2020-07-27 23:06:40.774  INFO 2960 --- [main] o.s.s.concurrent.ThreadPoolTaskExecutor  : Initializing ExecutorService 'applicationTaskExecutor'
2020-07-27 23:06:41.460  INFO 2960 --- [main] o.s.s.c.ThreadPoolTaskScheduler          : Initializing ExecutorService
2020-07-27 23:06:41.830  WARN 2960 --- [main] ockingLoadBalancerClientRibbonWarnLogger : You already have RibbonLoadBalancerClient on your classpath. It will be used by default. As Spring Cloud Ribbon is in maintenance mode. We recommend switching to BlockingLoadBalancerClient instead. In order to use it, set the value of `spring.cloud.loadbalancer.ribbon.enabled` to `false` or remove spring-cloud-starter-netflix-ribbon from your project.
2020-07-27 23:06:41.850  INFO 2960 --- [main] o.s.b.a.e.web.EndpointLinksResolver      : Exposing 18 endpoint(s) beneath base path '/actuator'
2020-07-27 23:06:41.901  INFO 2960 --- [main] o.s.c.n.eureka.InstanceInfoFactory       : Setting initial instance status as: STARTING
2020-07-27 23:06:41.924  INFO 2960 --- [main] com.netflix.discovery.DiscoveryClient    : Initializing Eureka in region us-east-1
2020-07-27 23:06:41.961  INFO 2960 --- [main] c.n.d.provider.DiscoveryJerseyProvider   : Using JSON encoding codec LegacyJacksonJson
2020-07-27 23:06:41.961  INFO 2960 --- [main] c.n.d.provider.DiscoveryJerseyProvider   : Using JSON decoding codec LegacyJacksonJson
2020-07-27 23:06:42.047  INFO 2960 --- [main] c.n.d.provider.DiscoveryJerseyProvider   : Using XML encoding codec XStreamXml
2020-07-27 23:06:42.048  INFO 2960 --- [main] c.n.d.provider.DiscoveryJerseyProvider   : Using XML decoding codec XStreamXml
2020-07-27 23:06:42.209  INFO 2960 --- [main] c.n.d.s.r.aws.ConfigClusterResolver      : Resolving eureka endpoints via configuration
2020-07-27 23:06:42.430  INFO 2960 --- [main] com.netflix.discovery.DiscoveryClient    : Disable delta property : false
2020-07-27 23:06:42.430  INFO 2960 --- [main] com.netflix.discovery.DiscoveryClient    : Single vip registry refresh property : null
2020-07-27 23:06:42.430  INFO 2960 --- [main] com.netflix.discovery.DiscoveryClient    : Force full registry fetch : false
2020-07-27 23:06:42.430  INFO 2960 --- [main] com.netflix.discovery.DiscoveryClient    : Application is null : false
2020-07-27 23:06:42.430  INFO 2960 --- [main] com.netflix.discovery.DiscoveryClient    : Registered Applications size is zero : true
2020-07-27 23:06:42.430  INFO 2960 --- [main] com.netflix.discovery.DiscoveryClient    : Application version is -1: true
2020-07-27 23:06:42.430  INFO 2960 --- [main] com.netflix.discovery.DiscoveryClient    : Getting all instance registry info from the eureka server
2020-07-27 23:06:42.526  INFO 2960 --- [main] com.netflix.discovery.DiscoveryClient    : The response status is 200
2020-07-27 23:06:42.526  INFO 2960 --- [main] com.netflix.discovery.DiscoveryClient    : Starting heartbeat executor: renew interval is: 30
2020-07-27 23:06:42.530  INFO 2960 --- [main] c.n.discovery.InstanceInfoReplicator     : InstanceInfoReplicator onDemand update allowed rate per min is 4
2020-07-27 23:06:42.530  INFO 2960 --- [main] com.netflix.discovery.DiscoveryClient    : Discovery Client initialized at timestamp 1595862402530 with initial instances count: 6
2020-07-27 23:06:42.530  INFO 2960 --- [main] o.s.c.n.e.s.EurekaServiceRegistry        : Registering application ADMIN-CLIENT with eureka with status UP
2020-07-27 23:06:42.534  INFO 2960 --- [main] com.netflix.discovery.DiscoveryClient    : Saw local status change event StatusChangeEvent [timestamp=1595862402534, current=UP, previous=STARTING]
2020-07-27 23:06:42.534  INFO 2960 --- [DiscoveryClient-InstanceInfoReplicator-0] com.netflix.discovery.DiscoveryClient    : DiscoveryClient_ADMIN-CLIENT/DESKTOP-55BAR0U:admin-client:9305: registering service...
2020-07-27 23:06:42.554  INFO 2960 --- [main] o.s.b.w.embedded.tomcat.TomcatWebServer  : Tomcat started on port(s): 9305 (http) with context path ''
2020-07-27 23:06:42.554  INFO 2960 --- [main] .s.c.n.e.s.EurekaAutoServiceRegistration : Updating port to 9305
2020-07-27 23:06:42.559  INFO 2960 --- [DiscoveryClient-InstanceInfoReplicator-0] com.netflix.discovery.DiscoveryClient    : DiscoveryClient_ADMIN-CLIENT/DESKTOP-55BAR0U:admin-client:9305 - registration status: 204
2020-07-27 23:06:42.872  INFO 2960 --- [main] c.e.adminclient.AdminClientApplication   : Started AdminClientApplication in 4.453 seconds (JVM running for 5.26)
2020-07-27 23:06:42.928  INFO 2960 --- [registrationTask1] d.c.b.a.c.r.ApplicationRegistrator       : Application registered itself as e5425e849a23
2020-07-27 23:06:42.955  INFO 2960 --- [http-nio-9305-exec-1] o.a.c.c.C.[Tomcat].[localhost].[/]       : Initializing Spring DispatcherServlet 'dispatcherServlet'
2020-07-27 23:06:42.955  INFO 2960 --- [http-nio-9305-exec-1] o.s.web.servlet.DispatcherServlet        : Initializing Servlet 'dispatcherServlet'
2020-07-27 23:06:42.958  INFO 2960 --- [http-nio-9305-exec-1] o.s.web.servlet.DispatcherServlet        : Completed initialization in 3 ms
2020-07-27 23:07:51.943  INFO 2960 --- [SpringContextShutdownHook] o.s.c.n.e.s.EurekaServiceRegistry        : Unregistering application ADMIN-CLIENT with eureka with status DOWN
2020-07-27 23:07:51.944  WARN 2960 --- [SpringContextShutdownHook] com.netflix.discovery.DiscoveryClient    : Saw local status change event StatusChangeEvent [timestamp=1595862471943, current=DOWN, previous=UP]
2020-07-27 23:07:51.944  INFO 2960 --- [DiscoveryClient-InstanceInfoReplicator-0] com.netflix.discovery.DiscoveryClient    : DiscoveryClient_ADMIN-CLIENT/DESKTOP-55BAR0U:admin-client:9305: registering service...
2020-07-27 23:07:51.947  INFO 2960 --- [DiscoveryClient-InstanceInfoReplicator-0] com.netflix.discovery.DiscoveryClient    : DiscoveryClient_ADMIN-CLIENT/DESKTOP-55BAR0U:admin-client:9305 - registration status: 204
2020-07-27 23:07:52.149  INFO 2960 --- [SpringContextShutdownHook] o.s.s.c.ThreadPoolTaskScheduler          : Shutting down ExecutorService
2020-07-27 23:07:52.150  INFO 2960 --- [SpringContextShutdownHook] o.s.s.concurrent.ThreadPoolTaskExecutor  : Shutting down ExecutorService 'applicationTaskExecutor'
2020-07-27 23:07:52.151  INFO 2960 --- [SpringContextShutdownHook] com.netflix.discovery.DiscoveryClient    : Shutting down DiscoveryClient ...
2020-07-27 23:07:55.154  INFO 2960 --- [SpringContextShutdownHook] com.netflix.discovery.DiscoveryClient    : Unregistering ...
2020-07-27 23:07:55.162  INFO 2960 --- [SpringContextShutdownHook] com.netflix.discovery.DiscoveryClient    : DiscoveryClient_ADMIN-CLIENT/DESKTOP-55BAR0U:admin-client:9305 - deregister  status: 200
2020-07-27 23:07:55.170  INFO 2960 --- [SpringContextShutdownHook] com.netflix.discovery.DiscoveryClient    : Completed shut down of DiscoveryClient
2020-07-27 23:07:58.572  INFO 20052 --- [main] c.e.adminclient.AdminClientApplication   : No active profile set, falling back to default profiles: default
2020-07-27 23:07:59.036  WARN 20052 --- [main] o.s.boot.actuate.endpoint.EndpointId     : Endpoint ID 'service-registry' contains invalid characters, please migrate to a valid format.
2020-07-27 23:07:59.129  INFO 20052 --- [main] o.s.cloud.context.scope.GenericScope     : BeanFactory id=22cb885c-aeed-3423-8411-0012c8ac6592
2020-07-27 23:07:59.329  INFO 20052 --- [main] o.s.b.w.embedded.tomcat.TomcatWebServer  : Tomcat initialized with port(s): 9305 (http)
2020-07-27 23:07:59.335  INFO 20052 --- [main] o.apache.catalina.core.StandardService   : Starting service [Tomcat]
2020-07-27 23:07:59.335  INFO 20052 --- [main] org.apache.catalina.core.StandardEngine  : Starting Servlet engine: [Apache Tomcat/9.0.37]
2020-07-27 23:07:59.427  INFO 20052 --- [main] o.a.c.c.C.[Tomcat].[localhost].[/]       : Initializing Spring embedded WebApplicationContext
2020-07-27 23:07:59.427  INFO 20052 --- [main] w.s.c.ServletWebServerApplicationContext : Root WebApplicationContext: initialization completed in 843 ms
2020-07-27 23:07:59.484  WARN 20052 --- [main] c.n.c.sources.URLConfigurationSource     : No URLs will be polled as dynamic configuration sources.
2020-07-27 23:07:59.484  INFO 20052 --- [main] c.n.c.sources.URLConfigurationSource     : To enable URLs as dynamic configuration sources, define System property archaius.configurationSource.additionalUrls or make config.properties available on classpath.
2020-07-27 23:07:59.492  INFO 20052 --- [main] c.netflix.config.DynamicPropertyFactory  : DynamicPropertyFactory is initialized with configuration sources: com.netflix.config.ConcurrentCompositeConfiguration@f5a7226
2020-07-27 23:07:59.565  WARN 20052 --- [main] c.n.c.sources.URLConfigurationSource     : No URLs will be polled as dynamic configuration sources.
2020-07-27 23:07:59.566  INFO 20052 --- [main] c.n.c.sources.URLConfigurationSource     : To enable URLs as dynamic configuration sources, define System property archaius.configurationSource.additionalUrls or make config.properties available on classpath.
2020-07-27 23:07:59.736  INFO 20052 --- [main] o.s.s.concurrent.ThreadPoolTaskExecutor  : Initializing ExecutorService 'applicationTaskExecutor'
2020-07-27 23:08:00.691  WARN 20052 --- [main] ockingLoadBalancerClientRibbonWarnLogger : You already have RibbonLoadBalancerClient on your classpath. It will be used by default. As Spring Cloud Ribbon is in maintenance mode. We recommend switching to BlockingLoadBalancerClient instead. In order to use it, set the value of `spring.cloud.loadbalancer.ribbon.enabled` to `false` or remove spring-cloud-starter-netflix-ribbon from your project.
2020-07-27 23:08:00.721  INFO 20052 --- [main] o.s.b.a.e.web.EndpointLinksResolver      : Exposing 18 endpoint(s) beneath base path '/actuator'
2020-07-27 23:08:00.793  INFO 20052 --- [main] o.s.c.n.eureka.InstanceInfoFactory       : Setting initial instance status as: STARTING
2020-07-27 23:08:00.817  INFO 20052 --- [main] com.netflix.discovery.DiscoveryClient    : Initializing Eureka in region us-east-1
2020-07-27 23:08:00.915  INFO 20052 --- [main] c.n.d.provider.DiscoveryJerseyProvider   : Using JSON encoding codec LegacyJacksonJson
2020-07-27 23:08:00.915  INFO 20052 --- [main] c.n.d.provider.DiscoveryJerseyProvider   : Using JSON decoding codec LegacyJacksonJson
2020-07-27 23:08:01.003  INFO 20052 --- [main] c.n.d.provider.DiscoveryJerseyProvider   : Using XML encoding codec XStreamXml
2020-07-27 23:08:01.003  INFO 20052 --- [main] c.n.d.provider.DiscoveryJerseyProvider   : Using XML decoding codec XStreamXml
2020-07-27 23:08:01.173  INFO 20052 --- [main] c.n.d.s.r.aws.ConfigClusterResolver      : Resolving eureka endpoints via configuration
2020-07-27 23:08:01.404  INFO 20052 --- [main] com.netflix.discovery.DiscoveryClient    : Disable delta property : false
2020-07-27 23:08:01.404  INFO 20052 --- [main] com.netflix.discovery.DiscoveryClient    : Single vip registry refresh property : null
2020-07-27 23:08:01.404  INFO 20052 --- [main] com.netflix.discovery.DiscoveryClient    : Force full registry fetch : false
2020-07-27 23:08:01.404  INFO 20052 --- [main] com.netflix.discovery.DiscoveryClient    : Application is null : false
2020-07-27 23:08:01.404  INFO 20052 --- [main] com.netflix.discovery.DiscoveryClient    : Registered Applications size is zero : true
2020-07-27 23:08:01.404  INFO 20052 --- [main] com.netflix.discovery.DiscoveryClient    : Application version is -1: true
2020-07-27 23:08:01.404  INFO 20052 --- [main] com.netflix.discovery.DiscoveryClient    : Getting all instance registry info from the eureka server
2020-07-27 23:08:01.516  INFO 20052 --- [main] com.netflix.discovery.DiscoveryClient    : The response status is 200
2020-07-27 23:08:01.518  INFO 20052 --- [main] com.netflix.discovery.DiscoveryClient    : Starting heartbeat executor: renew interval is: 30
2020-07-27 23:08:01.520  INFO 20052 --- [main] c.n.discovery.InstanceInfoReplicator     : InstanceInfoReplicator onDemand update allowed rate per min is 4
2020-07-27 23:08:01.522  INFO 20052 --- [main] com.netflix.discovery.DiscoveryClient    : Discovery Client initialized at timestamp 1595862481521 with initial instances count: 6
2020-07-27 23:08:01.523  INFO 20052 --- [main] o.s.c.n.e.s.EurekaServiceRegistry        : Registering application ADMIN-CLIENT with eureka with status UP
2020-07-27 23:08:01.523  INFO 20052 --- [main] com.netflix.discovery.DiscoveryClient    : Saw local status change event StatusChangeEvent [timestamp=1595862481523, current=UP, previous=STARTING]
2020-07-27 23:08:01.524  INFO 20052 --- [DiscoveryClient-InstanceInfoReplicator-0] com.netflix.discovery.DiscoveryClient    : DiscoveryClient_ADMIN-CLIENT/DESKTOP-55BAR0U:admin-client:9305: registering service...
2020-07-27 23:08:01.544  INFO 20052 --- [main] o.s.b.w.embedded.tomcat.TomcatWebServer  : Tomcat started on port(s): 9305 (http) with context path ''
2020-07-27 23:08:01.545  INFO 20052 --- [main] .s.c.n.e.s.EurekaAutoServiceRegistration : Updating port to 9305
2020-07-27 23:08:01.548  INFO 20052 --- [DiscoveryClient-InstanceInfoReplicator-0] com.netflix.discovery.DiscoveryClient    : DiscoveryClient_ADMIN-CLIENT/DESKTOP-55BAR0U:admin-client:9305 - registration status: 204
2020-07-27 23:08:01.790  INFO 20052 --- [http-nio-9305-exec-2] o.a.c.c.C.[Tomcat].[localhost].[/]       : Initializing Spring DispatcherServlet 'dispatcherServlet'
2020-07-27 23:08:01.790  INFO 20052 --- [http-nio-9305-exec-2] o.s.web.servlet.DispatcherServlet        : Initializing Servlet 'dispatcherServlet'
2020-07-27 23:08:01.795  INFO 20052 --- [http-nio-9305-exec-2] o.s.web.servlet.DispatcherServlet        : Completed initialization in 4 ms
2020-07-27 23:08:01.863  INFO 20052 --- [main] c.e.adminclient.AdminClientApplication   : Started AdminClientApplication in 4.457 seconds (JVM running for 5.269)
2020-07-27 23:10:27.504  INFO 20052 --- [SpringContextShutdownHook] o.s.c.n.e.s.EurekaServiceRegistry        : Unregistering application ADMIN-CLIENT with eureka with status DOWN
2020-07-27 23:10:27.504  WARN 20052 --- [SpringContextShutdownHook] com.netflix.discovery.DiscoveryClient    : Saw local status change event StatusChangeEvent [timestamp=1595862627504, current=DOWN, previous=UP]
2020-07-27 23:10:27.505  INFO 20052 --- [DiscoveryClient-InstanceInfoReplicator-0] com.netflix.discovery.DiscoveryClient    : DiscoveryClient_ADMIN-CLIENT/DESKTOP-55BAR0U:admin-client:9305: registering service...
2020-07-27 23:10:27.511  INFO 20052 --- [DiscoveryClient-InstanceInfoReplicator-0] com.netflix.discovery.DiscoveryClient    : DiscoveryClient_ADMIN-CLIENT/DESKTOP-55BAR0U:admin-client:9305 - registration status: 204
2020-07-27 23:10:27.703  INFO 20052 --- [SpringContextShutdownHook] o.s.s.concurrent.ThreadPoolTaskExecutor  : Shutting down ExecutorService 'applicationTaskExecutor'
2020-07-27 23:10:27.704  INFO 20052 --- [SpringContextShutdownHook] com.netflix.discovery.DiscoveryClient    : Shutting down DiscoveryClient ...
2020-07-27 23:10:30.709  INFO 20052 --- [SpringContextShutdownHook] com.netflix.discovery.DiscoveryClient    : Unregistering ...
2020-07-27 23:10:30.712  INFO 20052 --- [SpringContextShutdownHook] com.netflix.discovery.DiscoveryClient    : DiscoveryClient_ADMIN-CLIENT/DESKTOP-55BAR0U:admin-client:9305 - deregister  status: 200
2020-07-27 23:10:30.719  INFO 20052 --- [SpringContextShutdownHook] com.netflix.discovery.DiscoveryClient    : Completed shut down of DiscoveryClient
2020-07-27 23:10:34.013  INFO 19660 --- [main] c.e.adminclient.AdminClientApplication   : No active profile set, falling back to default profiles: default
2020-07-27 23:10:34.473  WARN 19660 --- [main] o.s.boot.actuate.endpoint.EndpointId     : Endpoint ID 'service-registry' contains invalid characters, please migrate to a valid format.
2020-07-27 23:10:34.563  INFO 19660 --- [main] o.s.cloud.context.scope.GenericScope     : BeanFactory id=0a0d49f0-aa67-3a10-8b6a-55ac580faa55
2020-07-27 23:10:34.768  INFO 19660 --- [main] o.s.b.w.embedded.tomcat.TomcatWebServer  : Tomcat initialized with port(s): 9305 (http)
2020-07-27 23:10:34.772  INFO 19660 --- [main] o.apache.catalina.core.StandardService   : Starting service [Tomcat]
2020-07-27 23:10:34.772  INFO 19660 --- [main] org.apache.catalina.core.StandardEngine  : Starting Servlet engine: [Apache Tomcat/9.0.37]
2020-07-27 23:10:34.866  INFO 19660 --- [main] o.a.c.c.C.[Tomcat].[localhost].[/]       : Initializing Spring embedded WebApplicationContext
2020-07-27 23:10:34.866  INFO 19660 --- [main] w.s.c.ServletWebServerApplicationContext : Root WebApplicationContext: initialization completed in 842 ms
2020-07-27 23:10:34.924  WARN 19660 --- [main] c.n.c.sources.URLConfigurationSource     : No URLs will be polled as dynamic configuration sources.
2020-07-27 23:10:34.924  INFO 19660 --- [main] c.n.c.sources.URLConfigurationSource     : To enable URLs as dynamic configuration sources, define System property archaius.configurationSource.additionalUrls or make config.properties available on classpath.
2020-07-27 23:10:34.932  INFO 19660 --- [main] c.netflix.config.DynamicPropertyFactory  : DynamicPropertyFactory is initialized with configuration sources: com.netflix.config.ConcurrentCompositeConfiguration@2a4f8009
2020-07-27 23:10:35.002  WARN 19660 --- [main] c.n.c.sources.URLConfigurationSource     : No URLs will be polled as dynamic configuration sources.
2020-07-27 23:10:35.002  INFO 19660 --- [main] c.n.c.sources.URLConfigurationSource     : To enable URLs as dynamic configuration sources, define System property archaius.configurationSource.additionalUrls or make config.properties available on classpath.
2020-07-27 23:10:35.172  INFO 19660 --- [main] o.s.s.concurrent.ThreadPoolTaskExecutor  : Initializing ExecutorService 'applicationTaskExecutor'
2020-07-27 23:10:35.828  INFO 19660 --- [main] o.s.s.c.ThreadPoolTaskScheduler          : Initializing ExecutorService
2020-07-27 23:10:36.181  WARN 19660 --- [main] ockingLoadBalancerClientRibbonWarnLogger : You already have RibbonLoadBalancerClient on your classpath. It will be used by default. As Spring Cloud Ribbon is in maintenance mode. We recommend switching to BlockingLoadBalancerClient instead. In order to use it, set the value of `spring.cloud.loadbalancer.ribbon.enabled` to `false` or remove spring-cloud-starter-netflix-ribbon from your project.
2020-07-27 23:10:36.204  INFO 19660 --- [main] o.s.b.a.e.web.EndpointLinksResolver      : Exposing 18 endpoint(s) beneath base path '/actuator'
2020-07-27 23:10:36.257  INFO 19660 --- [main] o.s.c.n.eureka.InstanceInfoFactory       : Setting initial instance status as: STARTING
2020-07-27 23:10:36.281  INFO 19660 --- [main] com.netflix.discovery.DiscoveryClient    : Initializing Eureka in region us-east-1
2020-07-27 23:10:36.318  INFO 19660 --- [main] c.n.d.provider.DiscoveryJerseyProvider   : Using JSON encoding codec LegacyJacksonJson
2020-07-27 23:10:36.318  INFO 19660 --- [main] c.n.d.provider.DiscoveryJerseyProvider   : Using JSON decoding codec LegacyJacksonJson
2020-07-27 23:10:36.408  INFO 19660 --- [main] c.n.d.provider.DiscoveryJerseyProvider   : Using XML encoding codec XStreamXml
2020-07-27 23:10:36.408  INFO 19660 --- [main] c.n.d.provider.DiscoveryJerseyProvider   : Using XML decoding codec XStreamXml
2020-07-27 23:10:36.572  INFO 19660 --- [main] c.n.d.s.r.aws.ConfigClusterResolver      : Resolving eureka endpoints via configuration
2020-07-27 23:10:36.784  INFO 19660 --- [main] com.netflix.discovery.DiscoveryClient    : Disable delta property : false
2020-07-27 23:10:36.784  INFO 19660 --- [main] com.netflix.discovery.DiscoveryClient    : Single vip registry refresh property : null
2020-07-27 23:10:36.784  INFO 19660 --- [main] com.netflix.discovery.DiscoveryClient    : Force full registry fetch : false
2020-07-27 23:10:36.784  INFO 19660 --- [main] com.netflix.discovery.DiscoveryClient    : Application is null : false
2020-07-27 23:10:36.784  INFO 19660 --- [main] com.netflix.discovery.DiscoveryClient    : Registered Applications size is zero : true
2020-07-27 23:10:36.784  INFO 19660 --- [main] com.netflix.discovery.DiscoveryClient    : Application version is -1: true
2020-07-27 23:10:36.784  INFO 19660 --- [main] com.netflix.discovery.DiscoveryClient    : Getting all instance registry info from the eureka server
2020-07-27 23:10:36.884  INFO 19660 --- [main] com.netflix.discovery.DiscoveryClient    : The response status is 200
2020-07-27 23:10:36.886  INFO 19660 --- [main] com.netflix.discovery.DiscoveryClient    : Starting heartbeat executor: renew interval is: 30
2020-07-27 23:10:36.888  INFO 19660 --- [main] c.n.discovery.InstanceInfoReplicator     : InstanceInfoReplicator onDemand update allowed rate per min is 4
2020-07-27 23:10:36.891  INFO 19660 --- [main] com.netflix.discovery.DiscoveryClient    : Discovery Client initialized at timestamp 1595862636890 with initial instances count: 7
2020-07-27 23:10:36.892  INFO 19660 --- [main] o.s.c.n.e.s.EurekaServiceRegistry        : Registering application ADMIN-CLIENT with eureka with status UP
2020-07-27 23:10:36.892  INFO 19660 --- [main] com.netflix.discovery.DiscoveryClient    : Saw local status change event StatusChangeEvent [timestamp=1595862636892, current=UP, previous=STARTING]
2020-07-27 23:10:36.893  INFO 19660 --- [DiscoveryClient-InstanceInfoReplicator-0] com.netflix.discovery.DiscoveryClient    : DiscoveryClient_ADMIN-CLIENT/DESKTOP-55BAR0U:admin-client:9305: registering service...
2020-07-27 23:10:36.912  INFO 19660 --- [main] o.s.b.w.embedded.tomcat.TomcatWebServer  : Tomcat started on port(s): 9305 (http) with context path ''
2020-07-27 23:10:36.912  INFO 19660 --- [main] .s.c.n.e.s.EurekaAutoServiceRegistration : Updating port to 9305
2020-07-27 23:10:36.914  INFO 19660 --- [DiscoveryClient-InstanceInfoReplicator-0] com.netflix.discovery.DiscoveryClient    : DiscoveryClient_ADMIN-CLIENT/DESKTOP-55BAR0U:admin-client:9305 - registration status: 204
2020-07-27 23:10:37.220  INFO 19660 --- [main] c.e.adminclient.AdminClientApplication   : Started AdminClientApplication in 4.374 seconds (JVM running for 5.189)
2020-07-27 23:10:37.279  INFO 19660 --- [registrationTask1] d.c.b.a.c.r.ApplicationRegistrator       : Application registered itself as e5425e849a23
2020-07-27 23:10:37.314  INFO 19660 --- [http-nio-9305-exec-4] o.a.c.c.C.[Tomcat].[localhost].[/]       : Initializing Spring DispatcherServlet 'dispatcherServlet'
2020-07-27 23:10:37.314  INFO 19660 --- [http-nio-9305-exec-4] o.s.web.servlet.DispatcherServlet        : Initializing Servlet 'dispatcherServlet'
2020-07-27 23:10:37.318  INFO 19660 --- [http-nio-9305-exec-4] o.s.web.servlet.DispatcherServlet        : Completed initialization in 4 ms
2020-07-27 23:11:14.286  INFO 19660 --- [SpringContextShutdownHook] o.s.c.n.e.s.EurekaServiceRegistry        : Unregistering application ADMIN-CLIENT with eureka with status DOWN
2020-07-27 23:11:14.286  WARN 19660 --- [SpringContextShutdownHook] com.netflix.discovery.DiscoveryClient    : Saw local status change event StatusChangeEvent [timestamp=1595862674286, current=DOWN, previous=UP]
2020-07-27 23:11:14.286  INFO 19660 --- [DiscoveryClient-InstanceInfoReplicator-0] com.netflix.discovery.DiscoveryClient    : DiscoveryClient_ADMIN-CLIENT/DESKTOP-55BAR0U:admin-client:9305: registering service...
2020-07-27 23:11:14.295 ERROR 19660 --- [DiscoveryClient-InstanceInfoReplicator-0] c.n.d.s.t.d.RedirectingEurekaHttpClient  : Request execution error. endpoint=DefaultEndpoint{ serviceUrl='http://localhost:8001/eureka/}

com.sun.jersey.api.client.ClientHandlerException: org.apache.http.NoHttpResponseException: localhost:8001 failed to respond
	at com.sun.jersey.client.apache4.ApacheHttpClient4Handler.handle(ApacheHttpClient4Handler.java:187) ~[jersey-apache-client4-1.19.1.jar:1.19.1]
	at com.sun.jersey.api.client.filter.GZIPContentEncodingFilter.handle(GZIPContentEncodingFilter.java:123) ~[jersey-client-1.19.1.jar:1.19.1]
	at com.netflix.discovery.EurekaIdentityHeaderFilter.handle(EurekaIdentityHeaderFilter.java:27) ~[eureka-client-1.9.21.jar:1.9.21]
	at com.sun.jersey.api.client.Client.handle(Client.java:652) ~[jersey-client-1.19.1.jar:1.19.1]
	at com.sun.jersey.api.client.WebResource.handle(WebResource.java:682) ~[jersey-client-1.19.1.jar:1.19.1]
	at com.sun.jersey.api.client.WebResource.access$200(WebResource.java:74) ~[jersey-client-1.19.1.jar:1.19.1]
	at com.sun.jersey.api.client.WebResource$Builder.post(WebResource.java:570) ~[jersey-client-1.19.1.jar:1.19.1]
	at com.netflix.discovery.shared.transport.jersey.AbstractJerseyEurekaHttpClient.register(AbstractJerseyEurekaHttpClient.java:57) ~[eureka-client-1.9.21.jar:1.9.21]
	at com.netflix.discovery.shared.transport.decorator.EurekaHttpClientDecorator$1.execute(EurekaHttpClientDecorator.java:59) [eureka-client-1.9.21.jar:1.9.21]
	at com.netflix.discovery.shared.transport.decorator.MetricsCollectingEurekaHttpClient.execute(MetricsCollectingEurekaHttpClient.java:73) ~[eureka-client-1.9.21.jar:1.9.21]
	at com.netflix.discovery.shared.transport.decorator.EurekaHttpClientDecorator.register(EurekaHttpClientDecorator.java:56) [eureka-client-1.9.21.jar:1.9.21]
	at com.netflix.discovery.shared.transport.decorator.EurekaHttpClientDecorator$1.execute(EurekaHttpClientDecorator.java:59) [eureka-client-1.9.21.jar:1.9.21]
	at com.netflix.discovery.shared.transport.decorator.RedirectingEurekaHttpClient.execute(RedirectingEurekaHttpClient.java:89) ~[eureka-client-1.9.21.jar:1.9.21]
	at com.netflix.discovery.shared.transport.decorator.EurekaHttpClientDecorator.register(EurekaHttpClientDecorator.java:56) [eureka-client-1.9.21.jar:1.9.21]
	at com.netflix.discovery.shared.transport.decorator.EurekaHttpClientDecorator$1.execute(EurekaHttpClientDecorator.java:59) [eureka-client-1.9.21.jar:1.9.21]
	at com.netflix.discovery.shared.transport.decorator.RetryableEurekaHttpClient.execute(RetryableEurekaHttpClient.java:120) [eureka-client-1.9.21.jar:1.9.21]
	at com.netflix.discovery.shared.transport.decorator.EurekaHttpClientDecorator.register(EurekaHttpClientDecorator.java:56) [eureka-client-1.9.21.jar:1.9.21]
	at com.netflix.discovery.shared.transport.decorator.EurekaHttpClientDecorator$1.execute(EurekaHttpClientDecorator.java:59) [eureka-client-1.9.21.jar:1.9.21]
	at com.netflix.discovery.shared.transport.decorator.SessionedEurekaHttpClient.execute(SessionedEurekaHttpClient.java:77) [eureka-client-1.9.21.jar:1.9.21]
	at com.netflix.discovery.shared.transport.decorator.EurekaHttpClientDecorator.register(EurekaHttpClientDecorator.java:56) [eureka-client-1.9.21.jar:1.9.21]
	at com.netflix.discovery.DiscoveryClient.register(DiscoveryClient.java:857) [eureka-client-1.9.21.jar:1.9.21]
	at com.netflix.discovery.InstanceInfoReplicator.run(InstanceInfoReplicator.java:121) [eureka-client-1.9.21.jar:1.9.21]
	at com.netflix.discovery.InstanceInfoReplicator$1.run(InstanceInfoReplicator.java:101) [eureka-client-1.9.21.jar:1.9.21]
	at java.util.concurrent.Executors$RunnableAdapter.call(Executors.java:511) [na:1.8.0_92]
	at java.util.concurrent.FutureTask.run$$$capture(FutureTask.java:266) [na:1.8.0_92]
	at java.util.concurrent.FutureTask.run(FutureTask.java) [na:1.8.0_92]
	at java.util.concurrent.ScheduledThreadPoolExecutor$ScheduledFutureTask.access$201(ScheduledThreadPoolExecutor.java:180) [na:1.8.0_92]
	at java.util.concurrent.ScheduledThreadPoolExecutor$ScheduledFutureTask.run(ScheduledThreadPoolExecutor.java:293) [na:1.8.0_92]
	at java.util.concurrent.ThreadPoolExecutor.runWorker(ThreadPoolExecutor.java:1142) [na:1.8.0_92]
	at java.util.concurrent.ThreadPoolExecutor$Worker.run(ThreadPoolExecutor.java:617) [na:1.8.0_92]
	at java.lang.Thread.run(Thread.java:745) [na:1.8.0_92]
Caused by: org.apache.http.NoHttpResponseException: localhost:8001 failed to respond
	at org.apache.http.impl.conn.DefaultHttpResponseParser.parseHead(DefaultHttpResponseParser.java:141) ~[httpclient-4.5.12.jar:4.5.12]
	at org.apache.http.impl.conn.DefaultHttpResponseParser.parseHead(DefaultHttpResponseParser.java:56) ~[httpclient-4.5.12.jar:4.5.12]
	at org.apache.http.impl.io.AbstractMessageParser.parse(AbstractMessageParser.java:259) ~[httpcore-4.4.13.jar:4.4.13]
	at org.apache.http.impl.AbstractHttpClientConnection.receiveResponseHeader(AbstractHttpClientConnection.java:294) ~[httpcore-4.4.13.jar:4.4.13]
	at org.apache.http.impl.conn.DefaultClientConnection.receiveResponseHeader(DefaultClientConnection.java:257) ~[httpclient-4.5.12.jar:4.5.12]
	at org.apache.http.impl.conn.AbstractClientConnAdapter.receiveResponseHeader(AbstractClientConnAdapter.java:230) ~[httpclient-4.5.12.jar:4.5.12]
	at org.apache.http.protocol.HttpRequestExecutor.doReceiveResponse(HttpRequestExecutor.java:273) ~[httpcore-4.4.13.jar:4.4.13]
	at org.apache.http.protocol.HttpRequestExecutor.execute(HttpRequestExecutor.java:125) ~[httpcore-4.4.13.jar:4.4.13]
	at org.apache.http.impl.client.DefaultRequestDirector.tryExecute(DefaultRequestDirector.java:679) ~[httpclient-4.5.12.jar:4.5.12]
	at org.apache.http.impl.client.DefaultRequestDirector.execute(DefaultRequestDirector.java:481) ~[httpclient-4.5.12.jar:4.5.12]
	at org.apache.http.impl.client.AbstractHttpClient.doExecute(AbstractHttpClient.java:835) ~[httpclient-4.5.12.jar:4.5.12]
	at org.apache.http.impl.client.CloseableHttpClient.execute(CloseableHttpClient.java:118) ~[httpclient-4.5.12.jar:4.5.12]
	at org.apache.http.impl.client.CloseableHttpClient.execute(CloseableHttpClient.java:56) ~[httpclient-4.5.12.jar:4.5.12]
	at com.sun.jersey.client.apache4.ApacheHttpClient4Handler.handle(ApacheHttpClient4Handler.java:173) ~[jersey-apache-client4-1.19.1.jar:1.19.1]
	... 30 common frames omitted

2020-07-27 23:11:14.295  WARN 19660 --- [DiscoveryClient-InstanceInfoReplicator-0] c.n.d.s.t.d.RetryableEurekaHttpClient    : Request execution failed with message: org.apache.http.NoHttpResponseException: localhost:8001 failed to respond
2020-07-27 23:11:14.299 ERROR 19660 --- [DiscoveryClient-InstanceInfoReplicator-0] c.n.d.s.t.d.RedirectingEurekaHttpClient  : Request execution error. endpoint=DefaultEndpoint{ serviceUrl='http://localhost:8001/eureka/}

com.sun.jersey.api.client.ClientHandlerException: org.apache.http.NoHttpResponseException: localhost:8001 failed to respond
	at com.sun.jersey.client.apache4.ApacheHttpClient4Handler.handle(ApacheHttpClient4Handler.java:187) ~[jersey-apache-client4-1.19.1.jar:1.19.1]
	at com.sun.jersey.api.client.filter.GZIPContentEncodingFilter.handle(GZIPContentEncodingFilter.java:123) ~[jersey-client-1.19.1.jar:1.19.1]
	at com.netflix.discovery.EurekaIdentityHeaderFilter.handle(EurekaIdentityHeaderFilter.java:27) ~[eureka-client-1.9.21.jar:1.9.21]
	at com.sun.jersey.api.client.Client.handle(Client.java:652) ~[jersey-client-1.19.1.jar:1.19.1]
	at com.sun.jersey.api.client.WebResource.handle(WebResource.java:682) ~[jersey-client-1.19.1.jar:1.19.1]
	at com.sun.jersey.api.client.WebResource.access$200(WebResource.java:74) ~[jersey-client-1.19.1.jar:1.19.1]
	at com.sun.jersey.api.client.WebResource$Builder.post(WebResource.java:570) ~[jersey-client-1.19.1.jar:1.19.1]
	at com.netflix.discovery.shared.transport.jersey.AbstractJerseyEurekaHttpClient.register(AbstractJerseyEurekaHttpClient.java:57) ~[eureka-client-1.9.21.jar:1.9.21]
	at com.netflix.discovery.shared.transport.decorator.EurekaHttpClientDecorator$1.execute(EurekaHttpClientDecorator.java:59) [eureka-client-1.9.21.jar:1.9.21]
	at com.netflix.discovery.shared.transport.decorator.MetricsCollectingEurekaHttpClient.execute(MetricsCollectingEurekaHttpClient.java:73) ~[eureka-client-1.9.21.jar:1.9.21]
	at com.netflix.discovery.shared.transport.decorator.EurekaHttpClientDecorator.register(EurekaHttpClientDecorator.java:56) [eureka-client-1.9.21.jar:1.9.21]
	at com.netflix.discovery.shared.transport.decorator.EurekaHttpClientDecorator$1.execute(EurekaHttpClientDecorator.java:59) [eureka-client-1.9.21.jar:1.9.21]
	at com.netflix.discovery.shared.transport.decorator.RedirectingEurekaHttpClient.executeOnNewServer(RedirectingEurekaHttpClient.java:118) ~[eureka-client-1.9.21.jar:1.9.21]
	at com.netflix.discovery.shared.transport.decorator.RedirectingEurekaHttpClient.execute(RedirectingEurekaHttpClient.java:79) ~[eureka-client-1.9.21.jar:1.9.21]
	at com.netflix.discovery.shared.transport.decorator.EurekaHttpClientDecorator.register(EurekaHttpClientDecorator.java:56) [eureka-client-1.9.21.jar:1.9.21]
	at com.netflix.discovery.shared.transport.decorator.EurekaHttpClientDecorator$1.execute(EurekaHttpClientDecorator.java:59) [eureka-client-1.9.21.jar:1.9.21]
	at com.netflix.discovery.shared.transport.decorator.RetryableEurekaHttpClient.execute(RetryableEurekaHttpClient.java:120) [eureka-client-1.9.21.jar:1.9.21]
	at com.netflix.discovery.shared.transport.decorator.EurekaHttpClientDecorator.register(EurekaHttpClientDecorator.java:56) [eureka-client-1.9.21.jar:1.9.21]
	at com.netflix.discovery.shared.transport.decorator.EurekaHttpClientDecorator$1.execute(EurekaHttpClientDecorator.java:59) [eureka-client-1.9.21.jar:1.9.21]
	at com.netflix.discovery.shared.transport.decorator.SessionedEurekaHttpClient.execute(SessionedEurekaHttpClient.java:77) [eureka-client-1.9.21.jar:1.9.21]
	at com.netflix.discovery.shared.transport.decorator.EurekaHttpClientDecorator.register(EurekaHttpClientDecorator.java:56) [eureka-client-1.9.21.jar:1.9.21]
	at com.netflix.discovery.DiscoveryClient.register(DiscoveryClient.java:857) [eureka-client-1.9.21.jar:1.9.21]
	at com.netflix.discovery.InstanceInfoReplicator.run(InstanceInfoReplicator.java:121) [eureka-client-1.9.21.jar:1.9.21]
	at com.netflix.discovery.InstanceInfoReplicator$1.run(InstanceInfoReplicator.java:101) [eureka-client-1.9.21.jar:1.9.21]
	at java.util.concurrent.Executors$RunnableAdapter.call(Executors.java:511) [na:1.8.0_92]
	at java.util.concurrent.FutureTask.run$$$capture(FutureTask.java:266) [na:1.8.0_92]
	at java.util.concurrent.FutureTask.run(FutureTask.java) [na:1.8.0_92]
	at java.util.concurrent.ScheduledThreadPoolExecutor$ScheduledFutureTask.access$201(ScheduledThreadPoolExecutor.java:180) [na:1.8.0_92]
	at java.util.concurrent.ScheduledThreadPoolExecutor$ScheduledFutureTask.run(ScheduledThreadPoolExecutor.java:293) [na:1.8.0_92]
	at java.util.concurrent.ThreadPoolExecutor.runWorker(ThreadPoolExecutor.java:1142) [na:1.8.0_92]
	at java.util.concurrent.ThreadPoolExecutor$Worker.run(ThreadPoolExecutor.java:617) [na:1.8.0_92]
	at java.lang.Thread.run(Thread.java:745) [na:1.8.0_92]
Caused by: org.apache.http.NoHttpResponseException: localhost:8001 failed to respond
	at org.apache.http.impl.conn.DefaultHttpResponseParser.parseHead(DefaultHttpResponseParser.java:141) ~[httpclient-4.5.12.jar:4.5.12]
	at org.apache.http.impl.conn.DefaultHttpResponseParser.parseHead(DefaultHttpResponseParser.java:56) ~[httpclient-4.5.12.jar:4.5.12]
	at org.apache.http.impl.io.AbstractMessageParser.parse(AbstractMessageParser.java:259) ~[httpcore-4.4.13.jar:4.4.13]
	at org.apache.http.impl.AbstractHttpClientConnection.receiveResponseHeader(AbstractHttpClientConnection.java:294) ~[httpcore-4.4.13.jar:4.4.13]
	at org.apache.http.impl.conn.DefaultClientConnection.receiveResponseHeader(DefaultClientConnection.java:257) ~[httpclient-4.5.12.jar:4.5.12]
	at org.apache.http.impl.conn.AbstractClientConnAdapter.receiveResponseHeader(AbstractClientConnAdapter.java:230) ~[httpclient-4.5.12.jar:4.5.12]
	at org.apache.http.protocol.HttpRequestExecutor.doReceiveResponse(HttpRequestExecutor.java:273) ~[httpcore-4.4.13.jar:4.4.13]
	at org.apache.http.protocol.HttpRequestExecutor.execute(HttpRequestExecutor.java:125) ~[httpcore-4.4.13.jar:4.4.13]
	at org.apache.http.impl.client.DefaultRequestDirector.tryExecute(DefaultRequestDirector.java:679) ~[httpclient-4.5.12.jar:4.5.12]
	at org.apache.http.impl.client.DefaultRequestDirector.execute(DefaultRequestDirector.java:481) ~[httpclient-4.5.12.jar:4.5.12]
	at org.apache.http.impl.client.AbstractHttpClient.doExecute(AbstractHttpClient.java:835) ~[httpclient-4.5.12.jar:4.5.12]
	at org.apache.http.impl.client.CloseableHttpClient.execute(CloseableHttpClient.java:118) ~[httpclient-4.5.12.jar:4.5.12]
	at org.apache.http.impl.client.CloseableHttpClient.execute(CloseableHttpClient.java:56) ~[httpclient-4.5.12.jar:4.5.12]
	at com.sun.jersey.client.apache4.ApacheHttpClient4Handler.handle(ApacheHttpClient4Handler.java:173) ~[jersey-apache-client4-1.19.1.jar:1.19.1]
	... 31 common frames omitted

2020-07-27 23:11:14.299  WARN 19660 --- [DiscoveryClient-InstanceInfoReplicator-0] c.n.d.s.t.d.RetryableEurekaHttpClient    : Request execution failed with message: org.apache.http.NoHttpResponseException: localhost:8001 failed to respond
2020-07-27 23:11:14.299  WARN 19660 --- [DiscoveryClient-InstanceInfoReplicator-0] com.netflix.discovery.DiscoveryClient    : DiscoveryClient_ADMIN-CLIENT/DESKTOP-55BAR0U:admin-client:9305 - registration failed Cannot execute request on any known server

com.netflix.discovery.shared.transport.TransportException: Cannot execute request on any known server
	at com.netflix.discovery.shared.transport.decorator.RetryableEurekaHttpClient.execute(RetryableEurekaHttpClient.java:112) ~[eureka-client-1.9.21.jar:1.9.21]
	at com.netflix.discovery.shared.transport.decorator.EurekaHttpClientDecorator.register(EurekaHttpClientDecorator.java:56) ~[eureka-client-1.9.21.jar:1.9.21]
	at com.netflix.discovery.shared.transport.decorator.EurekaHttpClientDecorator$1.execute(EurekaHttpClientDecorator.java:59) ~[eureka-client-1.9.21.jar:1.9.21]
	at com.netflix.discovery.shared.transport.decorator.SessionedEurekaHttpClient.execute(SessionedEurekaHttpClient.java:77) ~[eureka-client-1.9.21.jar:1.9.21]
	at com.netflix.discovery.shared.transport.decorator.EurekaHttpClientDecorator.register(EurekaHttpClientDecorator.java:56) ~[eureka-client-1.9.21.jar:1.9.21]
	at com.netflix.discovery.DiscoveryClient.register(DiscoveryClient.java:857) ~[eureka-client-1.9.21.jar:1.9.21]
	at com.netflix.discovery.InstanceInfoReplicator.run(InstanceInfoReplicator.java:121) [eureka-client-1.9.21.jar:1.9.21]
	at com.netflix.discovery.InstanceInfoReplicator$1.run(InstanceInfoReplicator.java:101) [eureka-client-1.9.21.jar:1.9.21]
	at java.util.concurrent.Executors$RunnableAdapter.call(Executors.java:511) [na:1.8.0_92]
	at java.util.concurrent.FutureTask.run$$$capture(FutureTask.java:266) [na:1.8.0_92]
	at java.util.concurrent.FutureTask.run(FutureTask.java) [na:1.8.0_92]
	at java.util.concurrent.ScheduledThreadPoolExecutor$ScheduledFutureTask.access$201(ScheduledThreadPoolExecutor.java:180) [na:1.8.0_92]
	at java.util.concurrent.ScheduledThreadPoolExecutor$ScheduledFutureTask.run(ScheduledThreadPoolExecutor.java:293) [na:1.8.0_92]
	at java.util.concurrent.ThreadPoolExecutor.runWorker(ThreadPoolExecutor.java:1142) [na:1.8.0_92]
	at java.util.concurrent.ThreadPoolExecutor$Worker.run(ThreadPoolExecutor.java:617) [na:1.8.0_92]
	at java.lang.Thread.run(Thread.java:745) [na:1.8.0_92]

2020-07-27 23:11:14.303  WARN 19660 --- [DiscoveryClient-InstanceInfoReplicator-0] c.n.discovery.InstanceInfoReplicator     : There was a problem with the instance info replicator

com.netflix.discovery.shared.transport.TransportException: Cannot execute request on any known server
	at com.netflix.discovery.shared.transport.decorator.RetryableEurekaHttpClient.execute(RetryableEurekaHttpClient.java:112) ~[eureka-client-1.9.21.jar:1.9.21]
	at com.netflix.discovery.shared.transport.decorator.EurekaHttpClientDecorator.register(EurekaHttpClientDecorator.java:56) ~[eureka-client-1.9.21.jar:1.9.21]
	at com.netflix.discovery.shared.transport.decorator.EurekaHttpClientDecorator$1.execute(EurekaHttpClientDecorator.java:59) ~[eureka-client-1.9.21.jar:1.9.21]
	at com.netflix.discovery.shared.transport.decorator.SessionedEurekaHttpClient.execute(SessionedEurekaHttpClient.java:77) ~[eureka-client-1.9.21.jar:1.9.21]
	at com.netflix.discovery.shared.transport.decorator.EurekaHttpClientDecorator.register(EurekaHttpClientDecorator.java:56) ~[eureka-client-1.9.21.jar:1.9.21]
	at com.netflix.discovery.DiscoveryClient.register(DiscoveryClient.java:857) ~[eureka-client-1.9.21.jar:1.9.21]
	at com.netflix.discovery.InstanceInfoReplicator.run(InstanceInfoReplicator.java:121) ~[eureka-client-1.9.21.jar:1.9.21]
	at com.netflix.discovery.InstanceInfoReplicator$1.run(InstanceInfoReplicator.java:101) [eureka-client-1.9.21.jar:1.9.21]
	at java.util.concurrent.Executors$RunnableAdapter.call(Executors.java:511) [na:1.8.0_92]
	at java.util.concurrent.FutureTask.run$$$capture(FutureTask.java:266) [na:1.8.0_92]
	at java.util.concurrent.FutureTask.run(FutureTask.java) [na:1.8.0_92]
	at java.util.concurrent.ScheduledThreadPoolExecutor$ScheduledFutureTask.access$201(ScheduledThreadPoolExecutor.java:180) [na:1.8.0_92]
	at java.util.concurrent.ScheduledThreadPoolExecutor$ScheduledFutureTask.run(ScheduledThreadPoolExecutor.java:293) [na:1.8.0_92]
	at java.util.concurrent.ThreadPoolExecutor.runWorker(ThreadPoolExecutor.java:1142) [na:1.8.0_92]
	at java.util.concurrent.ThreadPoolExecutor$Worker.run(ThreadPoolExecutor.java:617) [na:1.8.0_92]
	at java.lang.Thread.run(Thread.java:745) [na:1.8.0_92]

2020-07-27 23:11:14.586  INFO 19660 --- [SpringContextShutdownHook] o.s.s.c.ThreadPoolTaskScheduler          : Shutting down ExecutorService
2020-07-27 23:11:14.586  INFO 19660 --- [SpringContextShutdownHook] o.s.s.concurrent.ThreadPoolTaskExecutor  : Shutting down ExecutorService 'applicationTaskExecutor'
2020-07-27 23:11:14.590  INFO 19660 --- [SpringContextShutdownHook] com.netflix.discovery.DiscoveryClient    : Shutting down DiscoveryClient ...
2020-07-27 23:11:17.595  INFO 19660 --- [SpringContextShutdownHook] com.netflix.discovery.DiscoveryClient    : Unregistering ...
2020-07-27 23:11:19.608 ERROR 19660 --- [SpringContextShutdownHook] c.n.d.s.t.d.RedirectingEurekaHttpClient  : Request execution error. endpoint=DefaultEndpoint{ serviceUrl='http://localhost:8001/eureka/}

com.sun.jersey.api.client.ClientHandlerException: java.net.ConnectException: Connection refused: connect
	at com.sun.jersey.client.apache4.ApacheHttpClient4Handler.handle(ApacheHttpClient4Handler.java:187) ~[jersey-apache-client4-1.19.1.jar:1.19.1]
	at com.sun.jersey.api.client.filter.GZIPContentEncodingFilter.handle(GZIPContentEncodingFilter.java:123) ~[jersey-client-1.19.1.jar:1.19.1]
	at com.netflix.discovery.EurekaIdentityHeaderFilter.handle(EurekaIdentityHeaderFilter.java:27) ~[eureka-client-1.9.21.jar:1.9.21]
	at com.sun.jersey.api.client.Client.handle(Client.java:652) ~[jersey-client-1.19.1.jar:1.19.1]
	at com.sun.jersey.api.client.WebResource.handle(WebResource.java:682) ~[jersey-client-1.19.1.jar:1.19.1]
	at com.sun.jersey.api.client.WebResource.access$200(WebResource.java:74) ~[jersey-client-1.19.1.jar:1.19.1]
	at com.sun.jersey.api.client.WebResource$Builder.delete(WebResource.java:591) ~[jersey-client-1.19.1.jar:1.19.1]
	at com.netflix.discovery.shared.transport.jersey.AbstractJerseyEurekaHttpClient.cancel(AbstractJerseyEurekaHttpClient.java:77) ~[eureka-client-1.9.21.jar:1.9.21]
	at com.netflix.discovery.shared.transport.decorator.EurekaHttpClientDecorator$2.execute(EurekaHttpClientDecorator.java:74) [eureka-client-1.9.21.jar:1.9.21]
	at com.netflix.discovery.shared.transport.decorator.MetricsCollectingEurekaHttpClient.execute(MetricsCollectingEurekaHttpClient.java:73) ~[eureka-client-1.9.21.jar:1.9.21]
	at com.netflix.discovery.shared.transport.decorator.EurekaHttpClientDecorator.cancel(EurekaHttpClientDecorator.java:71) [eureka-client-1.9.21.jar:1.9.21]
	at com.netflix.discovery.shared.transport.decorator.EurekaHttpClientDecorator$2.execute(EurekaHttpClientDecorator.java:74) [eureka-client-1.9.21.jar:1.9.21]
	at com.netflix.discovery.shared.transport.decorator.RedirectingEurekaHttpClient.executeOnNewServer(RedirectingEurekaHttpClient.java:118) ~[eureka-client-1.9.21.jar:1.9.21]
	at com.netflix.discovery.shared.transport.decorator.RedirectingEurekaHttpClient.execute(RedirectingEurekaHttpClient.java:79) ~[eureka-client-1.9.21.jar:1.9.21]
	at com.netflix.discovery.shared.transport.decorator.EurekaHttpClientDecorator.cancel(EurekaHttpClientDecorator.java:71) [eureka-client-1.9.21.jar:1.9.21]
	at com.netflix.discovery.shared.transport.decorator.EurekaHttpClientDecorator$2.execute(EurekaHttpClientDecorator.java:74) [eureka-client-1.9.21.jar:1.9.21]
	at com.netflix.discovery.shared.transport.decorator.RetryableEurekaHttpClient.execute(RetryableEurekaHttpClient.java:120) [eureka-client-1.9.21.jar:1.9.21]
	at com.netflix.discovery.shared.transport.decorator.EurekaHttpClientDecorator.cancel(EurekaHttpClientDecorator.java:71) [eureka-client-1.9.21.jar:1.9.21]
	at com.netflix.discovery.shared.transport.decorator.EurekaHttpClientDecorator$2.execute(EurekaHttpClientDecorator.java:74) [eureka-client-1.9.21.jar:1.9.21]
	at com.netflix.discovery.shared.transport.decorator.SessionedEurekaHttpClient.execute(SessionedEurekaHttpClient.java:77) [eureka-client-1.9.21.jar:1.9.21]
	at com.netflix.discovery.shared.transport.decorator.EurekaHttpClientDecorator.cancel(EurekaHttpClientDecorator.java:71) [eureka-client-1.9.21.jar:1.9.21]
	at com.netflix.discovery.DiscoveryClient.unregister(DiscoveryClient.java:953) [eureka-client-1.9.21.jar:1.9.21]
	at com.netflix.discovery.DiscoveryClient.shutdown(DiscoveryClient.java:929) [eureka-client-1.9.21.jar:1.9.21]
	at sun.reflect.NativeMethodAccessorImpl.invoke0(Native Method) ~[na:1.8.0_92]
	at sun.reflect.NativeMethodAccessorImpl.invoke(NativeMethodAccessorImpl.java:62) ~[na:1.8.0_92]
	at sun.reflect.DelegatingMethodAccessorImpl.invoke(DelegatingMethodAccessorImpl.java:43) ~[na:1.8.0_92]
	at java.lang.reflect.Method.invoke(Method.java:498) ~[na:1.8.0_92]
	at org.springframework.beans.factory.annotation.InitDestroyAnnotationBeanPostProcessor$LifecycleElement.invoke(InitDestroyAnnotationBeanPostProcessor.java:389) [spring-beans-5.2.8.RELEASE.jar:5.2.8.RELEASE]
	at org.springframework.beans.factory.annotation.InitDestroyAnnotationBeanPostProcessor$LifecycleMetadata.invokeDestroyMethods(InitDestroyAnnotationBeanPostProcessor.java:347) [spring-beans-5.2.8.RELEASE.jar:5.2.8.RELEASE]
	at org.springframework.beans.factory.annotation.InitDestroyAnnotationBeanPostProcessor.postProcessBeforeDestruction(InitDestroyAnnotationBeanPostProcessor.java:177) [spring-beans-5.2.8.RELEASE.jar:5.2.8.RELEASE]
	at org.springframework.beans.factory.support.DisposableBeanAdapter.destroy(DisposableBeanAdapter.java:242) [spring-beans-5.2.8.RELEASE.jar:5.2.8.RELEASE]
	at org.springframework.beans.factory.support.DisposableBeanAdapter.run(DisposableBeanAdapter.java:235) [spring-beans-5.2.8.RELEASE.jar:5.2.8.RELEASE]
	at org.springframework.cloud.context.scope.GenericScope$BeanLifecycleWrapper.destroy(GenericScope.java:403) [spring-cloud-context-2.2.3.RELEASE.jar:2.2.3.RELEASE]
	at org.springframework.cloud.context.scope.GenericScope.destroy(GenericScope.java:142) [spring-cloud-context-2.2.3.RELEASE.jar:2.2.3.RELEASE]
	at org.springframework.beans.factory.support.DisposableBeanAdapter.destroy(DisposableBeanAdapter.java:258) [spring-beans-5.2.8.RELEASE.jar:5.2.8.RELEASE]
	at org.springframework.beans.factory.support.DefaultSingletonBeanRegistry.destroyBean(DefaultSingletonBeanRegistry.java:579) [spring-beans-5.2.8.RELEASE.jar:5.2.8.RELEASE]
	at org.springframework.beans.factory.support.DefaultSingletonBeanRegistry.destroySingleton(DefaultSingletonBeanRegistry.java:551) [spring-beans-5.2.8.RELEASE.jar:5.2.8.RELEASE]
	at org.springframework.beans.factory.support.DefaultListableBeanFactory.destroySingleton(DefaultListableBeanFactory.java:1092) [spring-beans-5.2.8.RELEASE.jar:5.2.8.RELEASE]
	at org.springframework.beans.factory.support.DefaultSingletonBeanRegistry.destroySingletons(DefaultSingletonBeanRegistry.java:512) [spring-beans-5.2.8.RELEASE.jar:5.2.8.RELEASE]
	at org.springframework.beans.factory.support.DefaultListableBeanFactory.destroySingletons(DefaultListableBeanFactory.java:1085) [spring-beans-5.2.8.RELEASE.jar:5.2.8.RELEASE]
	at org.springframework.context.support.AbstractApplicationContext.destroyBeans(AbstractApplicationContext.java:1061) [spring-context-5.2.8.RELEASE.jar:5.2.8.RELEASE]
	at org.springframework.context.support.AbstractApplicationContext.doClose(AbstractApplicationContext.java:1030) [spring-context-5.2.8.RELEASE.jar:5.2.8.RELEASE]
	at org.springframework.boot.web.servlet.context.ServletWebServerApplicationContext.doClose(ServletWebServerApplicationContext.java:170) [spring-boot-2.3.2.RELEASE.jar:2.3.2.RELEASE]
	at org.springframework.context.support.AbstractApplicationContext$1.run(AbstractApplicationContext.java:949) [spring-context-5.2.8.RELEASE.jar:5.2.8.RELEASE]
Caused by: java.net.ConnectException: Connection refused: connect
	at java.net.DualStackPlainSocketImpl.waitForConnect(Native Method) ~[na:1.8.0_92]
	at java.net.DualStackPlainSocketImpl.socketConnect(DualStackPlainSocketImpl.java:85) ~[na:1.8.0_92]
	at java.net.AbstractPlainSocketImpl.doConnect(AbstractPlainSocketImpl.java:350) ~[na:1.8.0_92]
	at java.net.AbstractPlainSocketImpl.connectToAddress(AbstractPlainSocketImpl.java:206) ~[na:1.8.0_92]
	at java.net.AbstractPlainSocketImpl.connect(AbstractPlainSocketImpl.java:188) ~[na:1.8.0_92]
	at java.net.PlainSocketImpl.connect(PlainSocketImpl.java:172) ~[na:1.8.0_92]
	at java.net.SocksSocketImpl.connect(SocksSocketImpl.java:392) ~[na:1.8.0_92]
	at java.net.Socket.connect(Socket.java:589) ~[na:1.8.0_92]
	at org.apache.http.conn.scheme.PlainSocketFactory.connectSocket(PlainSocketFactory.java:121) ~[httpclient-4.5.12.jar:4.5.12]
	at org.apache.http.impl.conn.DefaultClientConnectionOperator.openConnection(DefaultClientConnectionOperator.java:180) ~[httpclient-4.5.12.jar:4.5.12]
	at org.apache.http.impl.conn.AbstractPoolEntry.open(AbstractPoolEntry.java:144) ~[httpclient-4.5.12.jar:4.5.12]
	at org.apache.http.impl.conn.AbstractPooledConnAdapter.open(AbstractPooledConnAdapter.java:134) ~[httpclient-4.5.12.jar:4.5.12]
	at org.apache.http.impl.client.DefaultRequestDirector.tryConnect(DefaultRequestDirector.java:605) ~[httpclient-4.5.12.jar:4.5.12]
	at org.apache.http.impl.client.DefaultRequestDirector.execute(DefaultRequestDirector.java:440) ~[httpclient-4.5.12.jar:4.5.12]
	at org.apache.http.impl.client.AbstractHttpClient.doExecute(AbstractHttpClient.java:835) ~[httpclient-4.5.12.jar:4.5.12]
	at org.apache.http.impl.client.CloseableHttpClient.execute(CloseableHttpClient.java:118) ~[httpclient-4.5.12.jar:4.5.12]
	at org.apache.http.impl.client.CloseableHttpClient.execute(CloseableHttpClient.java:56) ~[httpclient-4.5.12.jar:4.5.12]
	at com.sun.jersey.client.apache4.ApacheHttpClient4Handler.handle(ApacheHttpClient4Handler.java:173) ~[jersey-apache-client4-1.19.1.jar:1.19.1]
	... 43 common frames omitted

2020-07-27 23:11:19.608  WARN 19660 --- [SpringContextShutdownHook] c.n.d.s.t.d.RetryableEurekaHttpClient    : Request execution failed with message: java.net.ConnectException: Connection refused: connect
2020-07-27 23:11:19.608 ERROR 19660 --- [SpringContextShutdownHook] com.netflix.discovery.DiscoveryClient    : DiscoveryClient_ADMIN-CLIENT/DESKTOP-55BAR0U:admin-client:9305 - de-registration failedCannot execute request on any known server

com.netflix.discovery.shared.transport.TransportException: Cannot execute request on any known server
	at com.netflix.discovery.shared.transport.decorator.RetryableEurekaHttpClient.execute(RetryableEurekaHttpClient.java:112) ~[eureka-client-1.9.21.jar:1.9.21]
	at com.netflix.discovery.shared.transport.decorator.EurekaHttpClientDecorator.cancel(EurekaHttpClientDecorator.java:71) ~[eureka-client-1.9.21.jar:1.9.21]
	at com.netflix.discovery.shared.transport.decorator.EurekaHttpClientDecorator$2.execute(EurekaHttpClientDecorator.java:74) ~[eureka-client-1.9.21.jar:1.9.21]
	at com.netflix.discovery.shared.transport.decorator.SessionedEurekaHttpClient.execute(SessionedEurekaHttpClient.java:77) ~[eureka-client-1.9.21.jar:1.9.21]
	at com.netflix.discovery.shared.transport.decorator.EurekaHttpClientDecorator.cancel(EurekaHttpClientDecorator.java:71) ~[eureka-client-1.9.21.jar:1.9.21]
	at com.netflix.discovery.DiscoveryClient.unregister(DiscoveryClient.java:953) [eureka-client-1.9.21.jar:1.9.21]
	at com.netflix.discovery.DiscoveryClient.shutdown(DiscoveryClient.java:929) [eureka-client-1.9.21.jar:1.9.21]
	at sun.reflect.NativeMethodAccessorImpl.invoke0(Native Method) ~[na:1.8.0_92]
	at sun.reflect.NativeMethodAccessorImpl.invoke(NativeMethodAccessorImpl.java:62) ~[na:1.8.0_92]
	at sun.reflect.DelegatingMethodAccessorImpl.invoke(DelegatingMethodAccessorImpl.java:43) ~[na:1.8.0_92]
	at java.lang.reflect.Method.invoke(Method.java:498) ~[na:1.8.0_92]
	at org.springframework.beans.factory.annotation.InitDestroyAnnotationBeanPostProcessor$LifecycleElement.invoke(InitDestroyAnnotationBeanPostProcessor.java:389) [spring-beans-5.2.8.RELEASE.jar:5.2.8.RELEASE]
	at org.springframework.beans.factory.annotation.InitDestroyAnnotationBeanPostProcessor$LifecycleMetadata.invokeDestroyMethods(InitDestroyAnnotationBeanPostProcessor.java:347) [spring-beans-5.2.8.RELEASE.jar:5.2.8.RELEASE]
	at org.springframework.beans.factory.annotation.InitDestroyAnnotationBeanPostProcessor.postProcessBeforeDestruction(InitDestroyAnnotationBeanPostProcessor.java:177) [spring-beans-5.2.8.RELEASE.jar:5.2.8.RELEASE]
	at org.springframework.beans.factory.support.DisposableBeanAdapter.destroy(DisposableBeanAdapter.java:242) [spring-beans-5.2.8.RELEASE.jar:5.2.8.RELEASE]
	at org.springframework.beans.factory.support.DisposableBeanAdapter.run(DisposableBeanAdapter.java:235) [spring-beans-5.2.8.RELEASE.jar:5.2.8.RELEASE]
	at org.springframework.cloud.context.scope.GenericScope$BeanLifecycleWrapper.destroy(GenericScope.java:403) [spring-cloud-context-2.2.3.RELEASE.jar:2.2.3.RELEASE]
	at org.springframework.cloud.context.scope.GenericScope.destroy(GenericScope.java:142) [spring-cloud-context-2.2.3.RELEASE.jar:2.2.3.RELEASE]
	at org.springframework.beans.factory.support.DisposableBeanAdapter.destroy(DisposableBeanAdapter.java:258) [spring-beans-5.2.8.RELEASE.jar:5.2.8.RELEASE]
	at org.springframework.beans.factory.support.DefaultSingletonBeanRegistry.destroyBean(DefaultSingletonBeanRegistry.java:579) [spring-beans-5.2.8.RELEASE.jar:5.2.8.RELEASE]
	at org.springframework.beans.factory.support.DefaultSingletonBeanRegistry.destroySingleton(DefaultSingletonBeanRegistry.java:551) [spring-beans-5.2.8.RELEASE.jar:5.2.8.RELEASE]
	at org.springframework.beans.factory.support.DefaultListableBeanFactory.destroySingleton(DefaultListableBeanFactory.java:1092) [spring-beans-5.2.8.RELEASE.jar:5.2.8.RELEASE]
	at org.springframework.beans.factory.support.DefaultSingletonBeanRegistry.destroySingletons(DefaultSingletonBeanRegistry.java:512) [spring-beans-5.2.8.RELEASE.jar:5.2.8.RELEASE]
	at org.springframework.beans.factory.support.DefaultListableBeanFactory.destroySingletons(DefaultListableBeanFactory.java:1085) [spring-beans-5.2.8.RELEASE.jar:5.2.8.RELEASE]
	at org.springframework.context.support.AbstractApplicationContext.destroyBeans(AbstractApplicationContext.java:1061) [spring-context-5.2.8.RELEASE.jar:5.2.8.RELEASE]
	at org.springframework.context.support.AbstractApplicationContext.doClose(AbstractApplicationContext.java:1030) [spring-context-5.2.8.RELEASE.jar:5.2.8.RELEASE]
	at org.springframework.boot.web.servlet.context.ServletWebServerApplicationContext.doClose(ServletWebServerApplicationContext.java:170) [spring-boot-2.3.2.RELEASE.jar:2.3.2.RELEASE]
	at org.springframework.context.support.AbstractApplicationContext$1.run(AbstractApplicationContext.java:949) [spring-context-5.2.8.RELEASE.jar:5.2.8.RELEASE]

2020-07-27 23:11:19.616  INFO 19660 --- [SpringContextShutdownHook] com.netflix.discovery.DiscoveryClient    : Completed shut down of DiscoveryClient
